<?xml version="1.0" encoding="UTF-8"?>
<testsuite xmlns:xsi="http://www.w3.org/2001/XMLSchema-instance" xsi:noNamespaceSchemaLocation="https://maven.apache.org/surefire/maven-surefire-plugin/xsd/surefire-test-report.xsd" name="com.webcheckers.model.Board.BoardViewTest" time="0.011" tests="6" errors="0" skipped="0" failures="0">
  <properties>
[...]
</properties>
  <testcase name="testMakeWhiteKing" classname="com.webcheckers.model.Board.BoardViewTest" time="0"/>
  <testcase name="testGetRedPlayerView" classname="com.webcheckers.model.Board.BoardViewTest" time="0"/>
  <testcase name="testGetWhitePlayerView" classname="com.webcheckers.model.Board.BoardViewTest" time="0"/>
  <testcase name="testIfOwnCanBeKing" classname="com.webcheckers.model.Board.BoardViewTest" time="0"/>
  <testcase name="testMakeRedKing" classname="com.webcheckers.model.Board.BoardViewTest" time="0"/>
  <testcase name="testIterator" classname="com.webcheckers.model.Board.BoardViewTest" time="0.01"/>
</testsuite>